<?xml version="1.0" encoding="UTF-8"?>
<!-- Generated by org.testng.reporters.JUnitXMLReporter -->
<testsuite ignored="1" hostname="Anshumans-MacBook-Pro.local" failures="1" tests="2" name="HubSpot Functional Regression Test" time="0.435" errors="0" timestamp="2020-03-18T19:26:34 EDT">
  <testcase classname="com.qa.hubspot.tests.LoginPageTest" name="@BeforeMethod setUp" time="-1.584573994543E9">
    <failure type="org.testng.TestNGException" message="
Parameter &amp;apos;browser&amp;apos; is required by BeforeMethod on method setUp but has not been marked @Optional or defined
in /Users/anshumansehgal/eclipse-workspace/NaveenPOMSeries/src/test/resources/testrunners/testng_Regression.xml">
      <![CDATA[org.testng.TestNGException: 
Parameter 'browser' is required by BeforeMethod on method setUp but has not been marked @Optional or defined
in /Users/anshumansehgal/eclipse-workspace/NaveenPOMSeries/src/test/resources/testrunners/testng_Regression.xml
at java.base/java.util.ArrayList.forEach(ArrayList.java:1540)
... Removed 28 stack frames]]>
    </failure>
  </testcase> <!-- @BeforeMethod setUp -->
  <testcase classname="com.qa.hubspot.tests.LoginPageTest" name="verifyLoginPageTitleTest" time="0.0">
    <skipped/>
  </testcase> <!-- verifyLoginPageTitleTest -->
  <testcase classname="com.qa.hubspot.tests.LoginPageTest" name="verifyLoginPageTitleTest" time="0.145">
    <failure type="java.lang.NullPointerException">
      <![CDATA[java.lang.NullPointerException
at com.qa.hubspot.base.BasePage.getScreenshot(BasePage.java:109)
at com.qa.hubspot.listeners.ExtentReportListener.onTestSkipped(ExtentReportListener.java:113)
at java.base/java.util.ArrayList.forEach(ArrayList.java:1540)
... Removed 25 stack frames]]>
    </failure>
  </testcase> <!-- verifyLoginPageTitleTest -->
  <testcase classname="com.qa.hubspot.tests.LoginPageTest" name="loginTest_WrongCredentials" time="0.0">
    <ignored/>
  </testcase> <!-- loginTest_WrongCredentials -->
</testsuite> <!-- HubSpot Functional Regression Test -->
