<?xml version="1.0" encoding="UTF-8"?>
<!-- Generated by org.testng.reporters.JUnitXMLReporter -->
<testsuite ignored="0" hostname="Anshumans-MacBook-Pro.local" failures="0" tests="3" name="Default test" time="75.536" errors="0" timestamp="2020-03-18T19:34:59 EDT">
  <testcase classname="com.qa.hubspot.tests.ContactsPageTest" name="verifyContactsPageTitle" time="0.27"/>
  <testcase classname="com.qa.hubspot.tests.ContactsPageTest" name="createContactsTest" time="9.992"/>
  <testcase classname="com.qa.hubspot.tests.ContactsPageTest" name="createContactsTest" time="8.974"/>
</testsuite> <!-- Default test -->
