<?xml version="1.0" encoding="UTF-8"?>
<!-- Generated by org.testng.reporters.JUnitXMLReporter -->
<testsuite ignored="1" hostname="Anshumans-MacBook-Pro.local" failures="0" tests="4" name="Default test" time="105.06" errors="0" timestamp="08 Mar. 2020 00:10:22 GMT">
  <testcase classname="com.qa.hubspot.tests.ContactsPageTest" name="createContactsTest" time="9.765"/>
  <testcase classname="com.qa.hubspot.tests.ContactsPageTest" name="createContactsTest" time="9.704"/>
  <testcase classname="com.qa.hubspot.tests.ContactsPageTest" name="createContactsTest" time="10.124"/>
  <testcase classname="com.qa.hubspot.tests.ContactsPageTest" name="createContactsTest" time="10.298"/>
  <testcase classname="com.qa.hubspot.tests.ContactsPageTest" name="verifyContactsPageTitle" time="0.0">
    <ignored/>
  </testcase> <!-- verifyContactsPageTitle -->
</testsuite> <!-- Default test -->
